<?xml version="1.0" encoding="UTF-8"?>
<!-- Generated by org.testng.reporters.JUnitReportReporter -->
<testsuite skipped="1" hostname="manjit-Vostro-1015" name="Selenium.SeleniumProject1.HAndlingMultipleWindow" tests="2" failures="0" timestamp="19 Feb 2019 10:09:01 GMT" time="21.972" errors="0">
  <testcase name="haandlenaukri" time="21.972" classname="Selenium.SeleniumProject1.HAndlingMultipleWindow"/>
  <testcase name="framecount" classname="Selenium.SeleniumProject1.HAndlingMultipleWindow">
    <skipped/>
  </testcase> <!-- framecount -->
</testsuite> <!-- Selenium.SeleniumProject1.HAndlingMultipleWindow -->
