<?xml version="1.0" encoding="UTF-8"?>
<!-- Generated by org.testng.reporters.JUnitReportReporter -->
<testsuite skipped="1" hostname="manjit-Vostro-1015" name="Selenium.SeleniumProject1.ImplictAndExplicit" tests="2" failures="0" timestamp="19 Feb 2019 06:24:28 GMT" time="18.065" errors="0">
  <testcase name="explicit" time="18.065" classname="Selenium.SeleniumProject1.ImplictAndExplicit"/>
  <testcase name="selectdropdown" classname="Selenium.SeleniumProject1.ImplictAndExplicit">
    <skipped/>
  </testcase> <!-- selectdropdown -->
</testsuite> <!-- Selenium.SeleniumProject1.ImplictAndExplicit -->
