<?xml version="1.0" encoding="UTF-8"?>
<!-- Generated by org.testng.reporters.JUnitReportReporter -->
<testsuite skipped="0" hostname="manjit-Vostro-1015" name="Part2.HandlingLog" tests="1" failures="0" timestamp="19 Feb 2019 12:52:09 GMT" time="30.275" errors="0">
  <testcase name="acceptLog" time="30.275" classname="Part2.HandlingLog"/>
</testsuite> <!-- Part2.HandlingLog -->
