<?xml version="1.0" encoding="UTF-8"?>
<!-- Generated by org.testng.reporters.JUnitReportReporter -->
<testsuite skipped="0" hostname="manjit-Vostro-1015" name="Part2.WordTest" tests="1" failures="0" timestamp="19 Feb 2019 16:10:39 GMT" time="30.370" errors="0">
  <testcase name="verifyLogin" time="30.370" classname="Part2.WordTest"/>
</testsuite> <!-- Part2.WordTest -->
