<?xml version="1.0" encoding="UTF-8"?>
<!-- Generated by org.testng.reporters.JUnitReportReporter -->
<testsuite skipped="0" hostname="manjit-Vostro-1015" name="Part2.LAb1" tests="1" failures="0" timestamp="19 Feb 2019 13:07:12 GMT" time="21.624" errors="0">
  <testcase name="listen" time="21.624" classname="Part2.LAb1"/>
</testsuite> <!-- Part2.LAb1 -->
