<?xml version="1.0" encoding="UTF-8"?>
<!-- Generated by org.testng.reporters.JUnitReportReporter -->
<testsuite skipped="0" hostname="manjit-Vostro-1015" name="Selenium.SeleniumProject1.SoftHard" tests="2" failures="0" timestamp="19 Feb 2019 05:42:18 GMT" time="52.671" errors="0">
  <testcase name="testcaseHard" time="27.290" classname="Selenium.SeleniumProject1.SoftHard"/>
  <testcase name="testcaseSoft" time="25.381" classname="Selenium.SeleniumProject1.SoftHard"/>
</testsuite> <!-- Selenium.SeleniumProject1.SoftHard -->
