<?xml version="1.0" encoding="UTF-8"?>
<!-- Generated by org.testng.reporters.JUnitReportReporter -->
<testsuite skipped="0" hostname="manjit-Vostro-1015" name="Selenium.SeleniumProject1.HandlingPop" tests="1" failures="0" timestamp="19 Feb 2019 11:34:36 GMT" time="17.702" errors="0">
  <testcase name="haandalert" time="17.702" classname="Selenium.SeleniumProject1.HandlingPop"/>
</testsuite> <!-- Selenium.SeleniumProject1.HandlingPop -->
