<?xml version="1.0" encoding="UTF-8"?>
<!-- Generated by org.testng.reporters.JUnitReportReporter -->
<testsuite skipped="1" hostname="manjit-Vostro-1015" name="Selenium.SeleniumProject1.RadioAndCheckbox" tests="2" failures="0" timestamp="19 Feb 2019 05:27:20 GMT" time="20.929" errors="0">
  <testcase name="testcaseCheck" time="20.929" classname="Selenium.SeleniumProject1.RadioAndCheckbox"/>
  <testcase name="testcaseRadio" classname="Selenium.SeleniumProject1.RadioAndCheckbox">
    <skipped/>
  </testcase> <!-- testcaseRadio -->
</testsuite> <!-- Selenium.SeleniumProject1.RadioAndCheckbox -->
