<?xml version="1.0" encoding="UTF-8"?>
<!-- Generated by org.testng.reporters.JUnitReportReporter -->
<testsuite skipped="0" hostname="manjit-Vostro-1015" name="parametertest.Lab1" tests="1" failures="0" timestamp="20 Feb 2019 12:31:08 GMT" time="23.573" errors="0">
  <testcase name="verifyLogin" time="23.573" classname="parametertest.Lab1"/>
</testsuite> <!-- parametertest.Lab1 -->
