<?xml version="1.0" encoding="UTF-8"?>
<!-- Generated by org.testng.reporters.JUnitReportReporter -->
<testsuite skipped="2" hostname="manjit-Vostro-1015" name="Selenium.SeleniumProject1.Dopdown" tests="3" failures="0" timestamp="19 Feb 2019 04:46:03 GMT" time="21.442" errors="0">
  <testcase name="testSelect3" time="21.442" classname="Selenium.SeleniumProject1.Dopdown"/>
  <testcase name="testSelect" classname="Selenium.SeleniumProject1.Dopdown">
    <skipped/>
  </testcase> <!-- testSelect -->
  <testcase name="testSelect2" classname="Selenium.SeleniumProject1.Dopdown">
    <skipped/>
  </testcase> <!-- testSelect2 -->
</testsuite> <!-- Selenium.SeleniumProject1.Dopdown -->
