<?xml version="1.0" encoding="UTF-8"?>
<!-- Generated by org.testng.reporters.JUnitReportReporter -->
<testsuite skipped="0" hostname="manjit-Vostro-1015" name="Selenium.SeleniumProject1.BootStrapLogin" tests="1" failures="0" timestamp="19 Feb 2019 06:30:07 GMT" time="24.474" errors="0">
  <testcase name="login" time="24.474" classname="Selenium.SeleniumProject1.BootStrapLogin"/>
</testsuite> <!-- Selenium.SeleniumProject1.BootStrapLogin -->
