<?xml version="1.0" encoding="UTF-8"?>
<!-- Generated by org.testng.reporters.JUnitReportReporter -->
<testsuite skipped="0" hostname="manjit-Vostro-1015" name="Selenium.SeleniumProject1.HandllingCalender" tests="1" failures="0" timestamp="19 Feb 2019 12:19:00 GMT" time="25.274" errors="0">
  <testcase name="accept" time="25.274" classname="Selenium.SeleniumProject1.HandllingCalender"/>
</testsuite> <!-- Selenium.SeleniumProject1.HandllingCalender -->
