<?xml version="1.0" encoding="UTF-8"?>
<!-- Generated by org.testng.reporters.JUnitReportReporter -->
<testsuite skipped="0" hostname="manjit-Vostro-1015" name="Selenium.SeleniumProject1.UntrustedCerti" tests="1" failures="0" timestamp="19 Feb 2019 11:40:26 GMT" time="9.031" errors="0">
  <testcase name="accept" time="9.031" classname="Selenium.SeleniumProject1.UntrustedCerti"/>
</testsuite> <!-- Selenium.SeleniumProject1.UntrustedCerti -->
