<?xml version="1.0" encoding="UTF-8"?>
<!-- Generated by org.testng.reporters.JUnitReportReporter -->
<testsuite skipped="1" hostname="manjit-Vostro-1015" name="Selenium.SeleniumProject1.JvScipt" tests="2" failures="0" timestamp="19 Feb 2019 07:22:04 GMT" time="23.111" errors="0">
  <testcase name="gettigVAlue" time="23.111" classname="Selenium.SeleniumProject1.JvScipt"/>
  <testcase name="login" classname="Selenium.SeleniumProject1.JvScipt">
    <skipped/>
  </testcase> <!-- login -->
</testsuite> <!-- Selenium.SeleniumProject1.JvScipt -->
