<?xml version="1.0" encoding="UTF-8"?>
<!-- Generated by org.testng.reporters.JUnitReportReporter -->
<testsuite skipped="0" hostname="manjit-Vostro-1015" name="depends.Lab1" tests="3" failures="0" timestamp="20 Feb 2019 11:09:00 GMT" time="0.035" errors="0">
  <testcase name="scooty" time="0.004" classname="depends.Lab1"/>
  <testcase name="car" time="0.015" classname="depends.Lab1"/>
  <testcase name="bike" time="0.016" classname="depends.Lab1"/>
</testsuite> <!-- depends.Lab1 -->
