<?xml version="1.0" encoding="UTF-8"?>
<!-- Generated by org.testng.reporters.JUnitReportReporter -->
<testsuite skipped="0" hostname="manjit-Vostro-1015" name="Selenium.SeleniumProject1.Capture" tests="1" failures="0" timestamp="19 Feb 2019 05:56:55 GMT" time="19.112" errors="0">
  <testcase name="selectdropdown" time="19.112" classname="Selenium.SeleniumProject1.Capture"/>
</testsuite> <!-- Selenium.SeleniumProject1.Capture -->
