<?xml version="1.0" encoding="UTF-8"?>
<!-- Generated by org.testng.reporters.JUnitReportReporter -->
<testsuite skipped="0" hostname="manjit-Vostro-1015" name="TestNg.Homeloan" tests="1" failures="0" timestamp="20 Feb 2019 10:55:37 GMT" time="0.005" errors="0">
  <testcase name="home3" time="0.005" classname="TestNg.Homeloan"/>
</testsuite> <!-- TestNg.Homeloan -->
