<?xml version="1.0" encoding="UTF-8"?>
<!-- Generated by org.testng.reporters.JUnitReportReporter -->
<testsuite skipped="0" hostname="manjit-Vostro-1015" name="TestNg.Car" tests="1" failures="0" timestamp="20 Feb 2019 10:55:37 GMT" time="0.047" errors="0">
  <testcase name="car2" time="0.047" classname="TestNg.Car"/>
</testsuite> <!-- TestNg.Car -->
