<?xml version="1.0" encoding="UTF-8"?>
<!-- Generated by org.testng.reporters.JUnitReportReporter -->
<testsuite skipped="0" hostname="manjit-Vostro-1015" name="Selenium.SeleniumProject1.ElementNotClickable" tests="1" failures="0" timestamp="19 Feb 2019 09:10:31 GMT" time="8.354" errors="0">
  <testcase name="elementClick" time="8.354" classname="Selenium.SeleniumProject1.ElementNotClickable"/>
</testsuite> <!-- Selenium.SeleniumProject1.ElementNotClickable -->
