<?xml version="1.0" encoding="UTF-8"?>
<!-- Generated by org.testng.reporters.JUnitReportReporter -->
<testsuite skipped="0" hostname="manjit-Vostro-1015" name="Selenium.SeleniumProject1.ChromeLab" tests="1" failures="0" timestamp="19 Feb 2019 09:25:20 GMT" time="9.642" errors="0">
  <testcase name="elementClick" time="9.642" classname="Selenium.SeleniumProject1.ChromeLab"/>
</testsuite> <!-- Selenium.SeleniumProject1.ChromeLab -->
