<?xml version="1.0" encoding="UTF-8"?>
<!-- Generated by org.testng.reporters.JUnitReportReporter -->
<testsuite skipped="0" hostname="manjit-Vostro-1015" name="Selenium.SeleniumProject1.HighLight" tests="1" failures="0" timestamp="19 Feb 2019 07:50:07 GMT" time="30.346" errors="0">
  <testcase name="test" time="30.346" classname="Selenium.SeleniumProject1.HighLight"/>
</testsuite> <!-- Selenium.SeleniumProject1.HighLight -->
