<?xml version="1.0" encoding="UTF-8"?>
<!-- Generated by org.testng.reporters.JUnitReportReporter -->
<testsuite skipped="0" hostname="manjit-Vostro-1015" name="depends.Lab2" tests="3" failures="0" timestamp="20 Feb 2019 11:09:00 GMT" time="0.078" errors="0">
  <testcase name="mobilebill" time="0.048" classname="depends.Lab2"/>
  <testcase name="electricitybill" time="0.015" classname="depends.Lab2"/>
  <testcase name="carloan" time="0.015" classname="depends.Lab2"/>
</testsuite> <!-- depends.Lab2 -->
