<?xml version="1.0" encoding="UTF-8"?>
<!-- Generated by org.testng.reporters.JUnitReportReporter -->
<testsuite skipped="0" hostname="manjit-Vostro-1015" name="Selenium.SeleniumProject1.DragAndDrop" tests="1" failures="0" timestamp="19 Feb 2019 09:07:10 GMT" time="14.022" errors="0">
  <testcase name="valuedrag" time="14.022" classname="Selenium.SeleniumProject1.DragAndDrop"/>
</testsuite> <!-- Selenium.SeleniumProject1.DragAndDrop -->
