<?xml version="1.0" encoding="UTF-8"?>
<!-- Generated by org.testng.reporters.JUnitReportReporter -->
<testsuite skipped="1" hostname="manjit-Vostro-1015" name="Selenium.SeleniumProject1.HAndlingFrame" tests="2" failures="0" timestamp="19 Feb 2019 09:43:36 GMT" time="29.270" errors="0">
  <testcase name="framecount" time="29.270" classname="Selenium.SeleniumProject1.HAndlingFrame"/>
  <testcase name="framehand" classname="Selenium.SeleniumProject1.HAndlingFrame">
    <skipped/>
  </testcase> <!-- framehand -->
</testsuite> <!-- Selenium.SeleniumProject1.HAndlingFrame -->
