<?xml version="1.0" encoding="UTF-8"?>
<!-- Generated by org.testng.reporters.JUnitReportReporter -->
<testsuite skipped="0" hostname="manjit-Vostro-1015" name="Selenium.SeleniumProject1.ActionsList" tests="1" failures="0" timestamp="19 Feb 2019 09:02:01 GMT" time="25.802" errors="0">
  <testcase name="valueaction" time="25.802" classname="Selenium.SeleniumProject1.ActionsList"/>
</testsuite> <!-- Selenium.SeleniumProject1.ActionsList -->
